<?xml version="1.0" encoding="utf-8"?><testsuites name="pytest tests"><testsuite name="pytest" errors="0" failures="0" skipped="0" tests="25" time="1.504" timestamp="2026-03-23T10:43:53.264786+00:00" hostname="agent-env-9b419837-f251-4986-9c65-1fb616245937"><testcase classname="tests.test_api_endpoints.TestHealth" name="test_health_check" time="0.004" /><testcase classname="tests.test_api_endpoints.TestAuth" name="test_login_demo_user" time="0.225" /><testcase classname="tests.test_api_endpoints.TestAuth" name="test_login_demo_owner" time="0.230" /><testcase classname="tests.test_api_endpoints.TestAuth" name="test_login_invalid_credentials" time="0.003" /><testcase classname="tests.test_api_endpoints.TestAuth" name="test_register_new_user" time="0.228" /><testcase classname="tests.test_api_endpoints.TestAuth" name="test_register_duplicate_email" time="0.002" /><testcase classname="tests.test_api_endpoints.TestAuth" name="test_get_me_with_token" time="0.307" /><testcase classname="tests.test_api_endpoints.TestAuth" name="test_get_me_without_token" time="0.001" /><testcase classname="tests.test_api_endpoints.TestVenues" name="test_list_venues" time="0.002" /><testcase classname="tests.test_api_endpoints.TestVenues" name="test_featured_venues" time="0.002" /><testcase classname="tests.test_api_endpoints.TestVenues" name="test_get_venue_detail" time="0.044" /><testcase classname="tests.test_api_endpoints.TestVenues" name="test_get_venue_not_found" time="0.002" /><testcase classname="tests.test_api_endpoints.TestVenues" name="test_filter_venues_by_event_type" time="0.002" /><testcase classname="tests.test_api_endpoints.TestVenues" name="test_filter_venues_by_price" time="0.002" /><testcase classname="tests.test_api_endpoints.TestVenues" name="test_filter_venues_by_capacity" time="0.002" /><testcase classname="tests.test_api_endpoints.TestVenues" name="test_search_venues_by_name" time="0.002" /><testcase classname="tests.test_api_endpoints.TestEventTypes" name="test_get_event_types" time="0.001" /><testcase classname="tests.test_api_endpoints.TestBookings" name="test_create_booking_authenticated" time="0.089" /><testcase classname="tests.test_api_endpoints.TestBookings" name="test_create_booking_unauthenticated" time="0.002" /><testcase classname="tests.test_api_endpoints.TestBookings" name="test_get_my_bookings" time="0.002" /><testcase classname="tests.test_api_endpoints.TestBookings" name="test_get_owner_bookings" time="0.230" /><testcase classname="tests.test_api_endpoints.TestReviews" name="test_get_venue_reviews" time="0.044" /><testcase classname="tests.test_api_endpoints.TestReviews" name="test_create_review_authenticated" time="0.048" /><testcase classname="tests.test_api_endpoints.TestOwnerVenues" name="test_get_owner_venues" time="0.003" /><testcase classname="tests.test_api_endpoints.TestOwnerVenues" name="test_get_owner_stats" time="0.004" /></testsuite></testsuites>